# JRE version: OpenJDK Runtime Environment (8.0_362-b08) (build 1.8.0_362-b08)
# Java VM: OpenJDK 64-Bit Server VM (25.362-b08 mixed mode windows-amd64 compressed oops)
Heap:
 PSYoungGen      total 64000K, used 55731K [0x000000076cb80000, 0x0000000772280000, 0x00000007c0000000)
  eden space 61440K, 86% used [0x000000076cb80000,0x000000076ff6fd08,0x0000000770780000)
  from space 2560K, 99% used [0x0000000770880000,0x0000000770afd030,0x0000000770b00000)
  to   space 13824K, 0% used [0x0000000771500000,0x0000000771500000,0x0000000772280000)
 ParOldGen       total 104960K, used 7962K [0x00000006c6200000, 0x00000006cc880000, 0x000000076cb80000)
  object space 104960K, 7% used [0x00000006c6200000,0x00000006c69c69b8,0x00000006cc880000)
 Metaspace       used 33128K, capacity 34184K, committed 34432K, reserved 1081344K
  class space    used 3550K, capacity 3849K, committed 3968K, reserved 1048576K
GC Heap History (10 events):
Event: 7.966 GC heap before
{Heap before GC invocations=4 (full 1):
 PSYoungGen      total 74752K, used 64512K [0x000000076cb80000, 0x0000000775d80000, 0x00000007c0000000)
  eden space 64512K, 100% used [0x000000076cb80000,0x0000000770a80000,0x0000000770a80000)
  from space 10240K, 0% used [0x0000000771480000,0x0000000771480000,0x0000000771e80000)
  to   space 10240K, 0% used [0x0000000770a80000,0x0000000770a80000,0x0000000771480000)
 ParOldGen       total 104960K, used 7426K [0x00000006c6200000, 0x00000006cc880000, 0x000000076cb80000)
  object space 104960K, 7% used [0x00000006c6200000,0x00000006c69409a0,0x00000006cc880000)
 Metaspace       used 29683K, capacity 30554K, committed 30720K, reserved 1077248K
  class space    used 3303K, capacity 3562K, committed 3584K, reserved 1048576K
Event: 7.974 GC heap after
Heap after GC invocations=4 (full 1):
 PSYoungGen      total 74752K, used 10231K [0x000000076cb80000, 0x0000000773900000, 0x00000007c0000000)
  eden space 64512K, 0% used [0x000000076cb80000,0x000000076cb80000,0x0000000770a80000)
  from space 10240K, 99% used [0x0000000770a80000,0x000000077147ddb8,0x0000000771480000)
  to   space 10240K, 0% used [0x0000000772f00000,0x0000000772f00000,0x0000000773900000)
 ParOldGen       total 104960K, used 7922K [0x00000006c6200000, 0x00000006cc880000, 0x000000076cb80000)
  object space 104960K, 7% used [0x00000006c6200000,0x00000006c69bc9a8,0x00000006cc880000)
 Metaspace       used 29683K, capacity 30554K, committed 30720K, reserved 1077248K
  class space    used 3303K, capacity 3562K, committed 3584K, reserved 1048576K
}
Event: 120.138 GC heap before
{Heap before GC invocations=5 (full 1):
 PSYoungGen      total 74752K, used 74743K [0x000000076cb80000, 0x0000000773900000, 0x00000007c0000000)
  eden space 64512K, 100% used [0x000000076cb80000,0x0000000770a80000,0x0000000770a80000)
  from space 10240K, 99% used [0x0000000770a80000,0x000000077147ddb8,0x0000000771480000)
  to   space 10240K, 0% used [0x0000000772f00000,0x0000000772f00000,0x0000000773900000)
 ParOldGen       total 104960K, used 7922K [0x00000006c6200000, 0x00000006cc880000, 0x000000076cb80000)
  object space 104960K, 7% used [0x00000006c6200000,0x00000006c69bc9a8,0x00000006cc880000)
 Metaspace       used 32006K, capacity 33006K, committed 33280K, reserved 1079296K
  class space    used 3545K, capacity 3814K, committed 3840K, reserved 1048576K
Event: 120.142 GC heap after
Heap after GC invocations=5 (full 1):
 PSYoungGen      total 68608K, used 4030K [0x000000076cb80000, 0x0000000773300000, 0x00000007c0000000)
  eden space 64512K, 0% used [0x000000076cb80000,0x000000076cb80000,0x0000000770a80000)
  from space 4096K, 98% used [0x0000000772f00000,0x00000007732ef938,0x0000000773300000)
  to   space 10240K, 0% used [0x0000000771f00000,0x0000000771f00000,0x0000000772900000)
 ParOldGen       total 104960K, used 7930K [0x00000006c6200000, 0x00000006cc880000, 0x000000076cb80000)
  object space 104960K, 7% used [0x00000006c6200000,0x00000006c69be9a8,0x00000006cc880000)
 Metaspace       used 32006K, capacity 33006K, committed 33280K, reserved 1079296K
  class space    used 3545K, capacity 3814K, committed 3840K, reserved 1048576K
}
Event: 304.009 GC heap before
{Heap before GC invocations=6 (full 1):
 PSYoungGen      total 68608K, used 68542K [0x000000076cb80000, 0x0000000773300000, 0x00000007c0000000)
  eden space 64512K, 100% used [0x000000076cb80000,0x0000000770a80000,0x0000000770a80000)
  from space 4096K, 98% used [0x0000000772f00000,0x00000007732ef938,0x0000000773300000)
  to   space 10240K, 0% used [0x0000000771f00000,0x0000000771f00000,0x0000000772900000)
 ParOldGen       total 104960K, used 7930K [0x00000006c6200000, 0x00000006cc880000, 0x000000076cb80000)
  object space 104960K, 7% used [0x00000006c6200000,0x00000006c69be9a8,0x00000006cc880000)
 Metaspace       used 32402K, capacity 33462K, committed 33536K, reserved 1079296K
  class space    used 3545K, capacity 3814K, committed 3840K, reserved 1048576K
Event: 304.012 GC heap after
Heap after GC invocations=6 (full 1):
 PSYoungGen      total 66048K, used 2404K [0x000000076cb80000, 0x0000000772f80000, 0x00000007c0000000)
  eden space 63488K, 0% used [0x000000076cb80000,0x000000076cb80000,0x0000000770980000)
  from space 2560K, 93% used [0x0000000771f00000,0x0000000772159040,0x0000000772180000)
  to   space 14336K, 0% used [0x0000000772180000,0x0000000772180000,0x0000000772f80000)
 ParOldGen       total 104960K, used 7946K [0x00000006c6200000, 0x00000006cc880000, 0x000000076cb80000)
  object space 104960K, 7% used [0x00000006c6200000,0x00000006c69c29b8,0x00000006cc880000)
 Metaspace       used 32402K, capacity 33462K, committed 33536K, reserved 1079296K
  class space    used 3545K, capacity 3814K, committed 3840K, reserved 1048576K
}
Event: 527.496 GC heap before
{Heap before GC invocations=7 (full 1):
 PSYoungGen      total 66048K, used 65892K [0x000000076cb80000, 0x0000000772f80000, 0x00000007c0000000)
  eden space 63488K, 100% used [0x000000076cb80000,0x0000000770980000,0x0000000770980000)
  from space 2560K, 93% used [0x0000000771f00000,0x0000000772159040,0x0000000772180000)
  to   space 14336K, 0% used [0x0000000772180000,0x0000000772180000,0x0000000772f80000)
 ParOldGen       total 104960K, used 7946K [0x00000006c6200000, 0x00000006cc880000, 0x000000076cb80000)
  object space 104960K, 7% used [0x00000006c6200000,0x00000006c69c29b8,0x00000006cc880000)
 Metaspace       used 32675K, capacity 33702K, committed 33920K, reserved 1079296K
  class space    used 3545K, capacity 3846K, committed 3968K, reserved 1048576K
Event: 527.502 GC heap after
Heap after GC invocations=7 (full 1):
 PSYoungGen      total 65536K, used 2468K [0x000000076cb80000, 0x0000000772480000, 0x00000007c0000000)
  eden space 62464K, 0% used [0x000000076cb80000,0x000000076cb80000,0x0000000770880000)
  from space 3072K, 80% used [0x0000000772180000,0x00000007723e9040,0x0000000772480000)
  to   space 14336K, 0% used [0x0000000770880000,0x0000000770880000,0x0000000771680000)
 ParOldGen       total 104960K, used 7954K [0x00000006c6200000, 0x00000006cc880000, 0x000000076cb80000)
  object space 104960K, 7% used [0x00000006c6200000,0x00000006c69c49b8,0x00000006cc880000)
 Metaspace       used 32675K, capacity 33702K, committed 33920K, reserved 1079296K
  class space    used 3545K, capacity 3846K, committed 3968K, reserved 1048576K
}
Event: 774.035 GC heap before
{Heap before GC invocations=8 (full 1):
 PSYoungGen      total 65536K, used 64932K [0x000000076cb80000, 0x0000000772480000, 0x00000007c0000000)
  eden space 62464K, 100% used [0x000000076cb80000,0x0000000770880000,0x0000000770880000)
  from space 3072K, 80% used [0x0000000772180000,0x00000007723e9040,0x0000000772480000)
  to   space 14336K, 0% used [0x0000000770880000,0x0000000770880000,0x0000000771680000)
 ParOldGen       total 104960K, used 7954K [0x00000006c6200000, 0x00000006cc880000, 0x000000076cb80000)
  object space 104960K, 7% used [0x00000006c6200000,0x00000006c69c49b8,0x00000006cc880000)
 Metaspace       used 32814K, capacity 33844K, committed 34176K, reserved 1079296K
  class space    used 3550K, capacity 3849K, committed 3968K, reserved 1048576K
Event: 774.040 GC heap after
Heap after GC invocations=8 (full 1):
 PSYoungGen      total 64000K, used 2548K [0x000000076cb80000, 0x0000000772280000, 0x00000007c0000000)
  eden space 61440K, 0% used [0x000000076cb80000,0x000000076cb80000,0x0000000770780000)
  from space 2560K, 99% used [0x0000000770880000,0x0000000770afd030,0x0000000770b00000)
  to   space 13824K, 0% used [0x0000000771500000,0x0000000771500000,0x0000000772280000)
 ParOldGen       total 104960K, used 7962K [0x00000006c6200000, 0x00000006cc880000, 0x000000076cb80000)
  object space 104960K, 7% used [0x00000006c6200000,0x00000006c69c69b8,0x00000006cc880000)
 Metaspace       used 32814K, capacity 33844K, committed 34176K, reserved 1079296K
  class space    used 3550K, capacity 3849K, committed 3968K, reserved 1048576K
}

